Lorem ipsum dolor sit amet, 
consectetur adipiscing elit. 
In non blandit leo, id feugiat purus. 
Nullam tincidunt dapibus massa, ac tempus ipsum ullamcorper a. 
Nunc maximus venenatis ante, et ultrices nisl vehicula nec. 
Etiam tincidunt, eros faucibus fermentum faucibus, justo enim ultrices dui, ac ultricies augue nunc non lectus. 
In quis arcu imperdiet tortor lobortis placerat sed nec mauris. 
Aliquam vel quam eu nulla aliquet placerat quis feugiat dolor. 
Morbi quis efficitur purus, id porta leo. 
Quisque consectetur eu nisl a facilisis. 
Cras id diam sit amet orci placerat laoreet eu nec odio. 
Praesent sed orci at massa ornare maximus at nec justo.

Morbi venenatis purus non tempus fringilla. 
Nulla ut ipsum sit amet nunc placerat commodo cursus non odio. 
Quisque mattis sodales facilisis. 
Praesent ultrices nunc id magna sodales, a varius nunc tincidunt. 
Nunc pharetra dui luctus dignissim fringilla. 
Fusce tortor neque, porttitor vitae odio ut, euismod ullamcorper purus. 
Maecenas gravida est ac tellus fermentum condimentum. 
In placerat fermentum turpis, eu suscipit tellus efficitur vitae. 
Fusce blandit risus in volutpat cursus. 
In turpis dui, vulputate sit amet efficitur sed, placerat efficitur mauris. 
Morbi vitae lacus sed ex tempus scelerisque vel in orci. 
Aenean scelerisque at turpis et vestibulum. 
In velit ante, dignissim nec felis eget, rhoncus congue neque. 
Mauris a nisl sapien. Phasellus tristique metus a eleifend semper. 
Nulla neque est, bibendum et varius at, bibendum et turpis.

Proin porttitor sapien sit amet hendrerit sagittis. 
Duis mauris justo, condimentum eu tortor sit amet, luctus consequat arcu. 
Integer posuere faucibus dictum. Proin eget ligula ligula. 
In sollicitudin pellentesque magna eget imperdiet. 
Praesent ac mi accumsan, rutrum urna non, aliquet nulla. 
In ultricies enim ac euismod finibus. 
Cras vel lectus et neque elementum rhoncus. 
Pellentesque nec convallis felis, quis pulvinar arcu. 
Donec pellentesque sem leo, luctus pretium metus malesuada a. 
Phasellus sed lectus massa. 
Fusce imperdiet elementum mauris, vitae dapibus nisl ullamcorper sed. 
In tincidunt lorem nec ipsum cursus, nec rhoncus felis scelerisque. 
Suspendisse potenti. 
Nam convallis consectetur odio sit amet fermentum. 
Cras elementum aliquet sodales.

Aenean sit amet tortor lobortis, bibendum nibh sed, finibus justo. Maecenas at ullamcorper sem. Aliquam ultrices leo ut eros varius tempor. Donec ac suscipit odio. Lorem ipsum dolor sit amet, consectetur adipiscing elit. Nam blandit bibendum metus vel posuere. In blandit nulla hendrerit, maximus nunc eu, euismod leo. Suspendisse id fermentum dolor. Interdum et malesuada fames ac ante ipsum primis in faucibus. In dignissim eros aliquam est dapibus, ac sodales mi tempus. Fusce et lectus ultricies, posuere diam ac, pellentesque mauris. Sed in lobortis felis. Sed sodales eget ex sed vestibulum.

Maecenas neque eros, commodo a lobortis et, gravida ut sapien. Aliquam lobortis arcu sed ante ullamcorper, sit amet aliquam nulla scelerisque. Sed dignissim consectetur metus. Sed aliquam leo a sapien scelerisque, quis placerat nunc porttitor. Quisque sit amet leo aliquam, venenatis metus vel, volutpat felis. Praesent ultrices massa nibh, id maximus nibh fermentum at. Praesent dignissim turpis at luctus pulvinar. Vestibulum malesuada nisl sed sollicitudin fringilla. Ut vel venenatis sapien. In consectetur leo sapien, quis blandit nulla lobortis sit amet. Pellentesque dignissim urna laoreet felis convallis posuere. Mauris ipsum sem, consequat eu hendrerit auctor, vulputate non magna. Aenean sapien est, vulputate porta semper sed, cursus sed erat. Aenean iaculis ante ac felis porttitor, vitae ultrices justo ornare. Phasellus tincidunt, tellus id pulvinar tincidunt, erat neque malesuada tellus, venenatis fringilla orci eros in enim. Class aptent taciti sociosqu ad litora torquent per conubia nostra, per inceptos himenaeos.