inputSessionType=intel/mobileye/aves/compiled
compilerConfigurationFilePath=s3://mobileye-team-data/Project_compilation_Jsons/mesc_config_aves_recompile_subsessions_no_event_policy_image_compression_LJPEG.json
inputSessionFilePath=s3://mobileye-supervision-inputs/copystation_input/jer005/Irma/220410/192107/NSS1_Irma_220410_192107_9629/nv0/NSS1_Irma_220410_192107_9629/meta/NSS1_Irma_220410_192107_9629.json
outputLocation=s3://mobileye-supervision-clips/parts/4c2b/NSS1_Irma_220410_192107_9629
numSubSessions=3
name=s001
startFolderID=0
endFolderID=0
name=s002
startFolderID=0
endFolderID=0
name=s003
startFolderID=0
endFolderID=0
numStreams=38
streamFolderName=rear_0
streamFolderName=frontCornerRight_1
streamFolderName=rearCornerRight_2
streamFolderName=frontCornerLeft_3
streamFolderName=rearCornerLeft_4
streamFolderName=main_5
streamFolderName=narrow_6
streamFolderName=parking_right_7
streamFolderName=parking_left_8
streamFolderName=parking_front_9
streamFolderName=parking_rear_10
streamFolderName=CAN_PBM.CAN_000.2_11
streamFolderName=CAN_PBM.CAN_001.2_12
streamFolderName=CAN_PBM.CAN_000.0_13
streamFolderName=CAN_PBM.CAN_000.1_14
streamFolderName=CAN_PBM.CAN_001.0_15
streamFolderName=CAN_PBM.CAN_001.1_16
streamFolderName=CAN_PBM.CAN_020.2_17
streamFolderName=CAN_PBM.CAN_021.2_18
streamFolderName=CAN_PBM.CAN_020.0_19
streamFolderName=CAN_PBM.CAN_020.1_20
streamFolderName=CAN_PBM.CAN_021.0_21
streamFolderName=CAN_PBM.CAN_021.1_22
streamFolderName=GpsNmea1_23
streamFolderName=Gps1Pps1_24
streamFolderName=EQ5_PBCM_0200_25
streamFolderName=EQ5_PBCM_0200_26
streamFolderName=EQ5_PBCM_0001_27
streamFolderName=EQ5_PBCM_0001_28
streamFolderName=EQ5_PBCM_0001_29
streamFolderName=EQ5_PBCM_0201_30
streamFolderName=EQ5_PBCM_0201_31
streamFolderName=EQ5_PBCM_0000_32
streamFolderName=EQ5_PBCM_0000_33
streamFolderName=EQ5_PBCM_0000_34
streamFolderName=FPGA_35
streamFolderName=PreLabeling_36
streamFolderName=LoggerSW_37
numJobs=98
name=compile_job0.bin
name=compile_job1.bin
name=compile_job2.bin
name=compile_job3.bin
name=compile_job4.bin
name=compile_job5.bin
name=compile_job6.bin
name=compile_job7.bin
name=compile_job8.bin
name=compile_job9.bin
name=compile_job10.bin
name=compile_job11.bin
name=compile_job12.bin
name=compile_job13.bin
name=compile_job14.bin
name=compile_job15.bin
name=compile_job16.bin
name=compile_job17.bin
name=compile_job18.bin
name=compile_job19.bin
name=compile_job20.bin
name=compile_job21.bin
name=compile_job22.bin
name=compile_job23.bin
name=compile_job24.bin
name=compile_job25.bin
name=compile_job26.bin
name=compile_job27.bin
name=compile_job28.bin
name=compile_job29.bin
name=compile_job30.bin
name=compile_job31.bin
name=compile_job32.bin
name=compile_job33.bin
name=compile_job34.bin
name=compile_job35.bin
name=compile_job36.bin
name=compile_job37.bin
name=compile_job38.bin
name=compile_job39.bin
name=compile_job40.bin
name=compile_job41.bin
name=compile_job42.bin
name=compile_job43.bin
name=compile_job44.bin
name=compile_job45.bin
name=compile_job46.bin
name=compile_job47.bin
name=compile_job48.bin
name=compile_job49.bin
name=compile_job50.bin
name=compile_job51.bin
name=compile_job52.bin
name=compile_job53.bin
name=compile_job54.bin
name=compile_job55.bin
name=compile_job56.bin
name=compile_job57.bin
name=compile_job58.bin
name=compile_job59.bin
name=compile_job60.bin
name=compile_job61.bin
name=compile_job62.bin
name=compile_job63.bin
name=compile_job64.bin
name=compile_job65.bin
name=compile_job66.bin
name=compile_job67.bin
name=compile_job68.bin
name=compile_job69.bin
name=compile_job70.bin
name=compile_job71.bin
name=compile_job72.bin
name=compile_job73.bin
name=compile_job74.bin
name=compile_job75.bin
name=compile_job76.bin
name=compile_job77.bin
name=compile_job78.bin
name=compile_job79.bin
name=compile_job80.bin
name=compile_job81.bin
name=compile_job82.bin
name=compile_job83.bin
name=compile_job84.bin
name=compile_job85.bin
name=compile_job86.bin
name=compile_job87.bin
name=compile_job88.bin
name=compile_job89.bin
name=compile_job90.bin
name=compile_job91.bin
name=compile_job92.bin
name=compile_job93.bin
name=compile_job94.bin
name=compile_job95.bin
name=compile_job96.bin
name=compile_job97.bin
